<!DOCTYPE html PUBLIC "-//W3C//DTD XHTML 1.1//EN" "http://www.w3.org/TR/xhtml11/DTD/xhtml11.dtd">
<html xmlns="http://www.w3.org/1999/xhtml">
<head>
<meta charset='utf-8'>
<title>TestNG Report</title>
<style type="text/css">
table {margin-bottom:10px;border-collapse:collapse;empty-cells:show}
td,th {border:1px solid #009;padding:.25em .5em}
.result th {vertical-align:bottom}
.param th {padding-left:1em;padding-right:1em}
.param td {padding-left:.5em;padding-right:2em}
.stripe td,.stripe th {background-color: #E6EBF9}
.numi,.numi_attn {text-align:right}
.total td {font-weight:bold}
.passedodd td {background-color: #0A0}
.passedeven td {background-color: #3F3}
.skippedodd td {background-color: #CCC}
.skippedodd td {background-color: #DDD}
.failedodd td,.numi_attn {background-color: #F33}
.failedeven td,.stripe .numi_attn {background-color: #D00}
.stacktrace {white-space:pre;font-family:monospace}
.totop {font-size:85%;text-align:center;border-bottom:2px solid #000}
</style>
</head>
<body>
<table cellspacing="0" cellpadding="0" class="testOverview">
<tr><th>Test</th><th>Methods<br/>Passed</th><th>Scenarios<br/>Passed</th><th># skipped</th><th># failed</th><th>Total<br/>Time</th><th>Included<br/>Groups</th><th>Excluded<br/>Groups</th></tr>
<tr><td style="text-align:left;padding-right:2em"><a href="#t1">TestNG Runner1</a></td><td class="numi">0</td><td class="numi">0</td><td class="numi_attn">1</td><td class="numi">0</td><td class="numi">3.1 seconds</td><td class="numi"></td><td class="numi"></td></tr>
<tr class="stripe"><td style="text-align:left;padding-right:2em"><a href="#t2">TestNG Runner2</a></td><td class="numi">1</td><td class="numi">1</td><td class="numi">0</td><td class="numi">0</td><td class="numi">9.7 seconds</td><td class="numi"></td><td class="numi"></td></tr>
<tr class="total"><td>Total</td>
<td class="numi">1</td><td class="numi">1</td><td class="numi_attn">1</td><td class="numi">0</td><td class="numi">9.7 seconds</td><td colspan="2">&nbsp;</td></tr>
</table>
<table cellspacing="0" cellpadding="0" class="methodOverview" id="summary">
<tr><th>Class</th><th>Method</th><th># of<br/>Scenarios</th><th>Start</th><th>Time<br/>(ms)</th></tr>
<tr id="t1"><th colspan="5">TestNG Runner1 &#8212; failed (configuration methods)</th></tr>
<tr class="failedodd"><td>Tests.com.Sentrifugo.LogInTest</td><td><a href="#m1"><b>setUp</b>  </a></td><td class="numi">1</td><td>1590595546373</td><td class="numi">3050</td></tr>
<tr><th colspan="5">TestNG Runner1 &#8212; skipped (configuration methods)</th></tr>
<tr class="skippedodd"><td>Tests.com.Sentrifugo.LogInTest</td><td><a href="#m2"><b>pageSetUp</b>  </a></td><td class="numi">1</td><td>1590595549440</td><td class="numi">-1590595549440</td></tr>
<tr><th colspan="5">TestNG Runner1 &#8212; skipped</th></tr>
<tr class="skippedodd"><td>Tests.com.Sentrifugo.LogInTest</td><td><a href="#m3"><b>test1</b>  </a></td><td class="numi">1</td><td>1590595549460</td><td class="numi">0</td></tr>
<tr id="t2"><th colspan="5">TestNG Runner2 &#8212; passed</th></tr>
<tr class="passedodd"><td>Tests.com.Sentrifugo.LogInTest</td><td><a href="#m4"><b>test1</b>  </a></td><td class="numi">1</td><td>1590595553744</td><td class="numi">2329</td></tr>
</table>
<h1>TestNG Runner1</h1>
<h2 id="m1">Tests.com.Sentrifugo.LogInTest:setUp</h2>
<table cellspacing="0" cellpadding="0" class="result">
<tr class="param"><th>Parameter #1</th></tr>
<tr class="param stripe"><td>chrome</td>
</tr>
<tr><td>
<div class="stacktrace">org.openqa.selenium.SessionNotCreatedException: session not created: This version of ChromeDriver only supports Chrome version 81
Build info: version: &apos;3.141.59&apos;, revision: &apos;e82be7d358&apos;, time: &apos;2018-11-14T08:17:03&apos;
System info: host: &apos;DESKTOP-DMM2MC9&apos;, ip: &apos;192.168.0.5&apos;, os.name: &apos;Windows 10&apos;, os.arch: &apos;amd64&apos;, os.version: &apos;10.0&apos;, java.version: &apos;13.0.2&apos;
Driver info: driver.version: Driver
remote stacktrace: Backtrace:
	Ordinal0 [0x00995E93+2449043]
	Ordinal0 [0x008C8281+1606273]
	Ordinal0 [0x007BF889+522377]
	Ordinal0 [0x007505F3+67059]
	Ordinal0 [0x0074CD92+52626]
	Ordinal0 [0x0076C127+180519]
	Ordinal0 [0x0076BF2D+180013]
	Ordinal0 [0x00769E5B+171611]
	Ordinal0 [0x00751DD8+73176]
	Ordinal0 [0x00752E50+77392]
	Ordinal0 [0x00752DE9+77289]
	Ordinal0 [0x008DD7F7+1693687]
	GetHandleVerifier [0x00A34576+522742]
	GetHandleVerifier [0x00A342B4+522036]
	GetHandleVerifier [0x00A49587+608775]
	GetHandleVerifier [0x00A34DE6+524902]
	Ordinal0 [0x008D5BDC+1661916]
	Ordinal0 [0x008DF15B+1700187]
	Ordinal0 [0x008DF2C3+1700547]
	Ordinal0 [0x008F5135+1790261]
	BaseThreadInitThunk [0x772B6359+25]
	RtlGetAppContainerNamedObjectPath [0x773F7C24+228]
	RtlGetAppContainerNamedObjectPath [0x773F7BF4+180]

	at org.openqa.selenium.remote.W3CHandshakeResponse.lambda$errorHandler$0(W3CHandshakeResponse.java:62)
	at org.openqa.selenium.remote.HandshakeResponse.lambda$getResponseFunction$0(HandshakeResponse.java:30)
	at org.openqa.selenium.remote.ProtocolHandshake.lambda$createSession$0(ProtocolHandshake.java:126)
	at java.base/java.util.stream.ReferencePipeline$3$1.accept(ReferencePipeline.java:195)
	at java.base/java.util.Spliterators$ArraySpliterator.tryAdvance(Spliterators.java:958)
	at java.base/java.util.stream.ReferencePipeline.forEachWithCancel(ReferencePipeline.java:127)
	at java.base/java.util.stream.AbstractPipeline.copyIntoWithCancel(AbstractPipeline.java:502)
	at java.base/java.util.stream.AbstractPipeline.copyInto(AbstractPipeline.java:488)
	at java.base/java.util.stream.AbstractPipeline.wrapAndCopyInto(AbstractPipeline.java:474)
	at java.base/java.util.stream.FindOps$FindOp.evaluateSequential(FindOps.java:150)
	at java.base/java.util.stream.AbstractPipeline.evaluate(AbstractPipeline.java:234)
	at java.base/java.util.stream.ReferencePipeline.findFirst(ReferencePipeline.java:543)
	at org.openqa.selenium.remote.ProtocolHandshake.createSession(ProtocolHandshake.java:128)
	at org.openqa.selenium.remote.ProtocolHandshake.createSession(ProtocolHandshake.java:74)
	at org.openqa.selenium.remote.HttpCommandExecutor.execute(HttpCommandExecutor.java:136)
	at org.openqa.selenium.remote.service.DriverCommandExecutor.execute(DriverCommandExecutor.java:83)
	at org.openqa.selenium.remote.RemoteWebDriver.execute(RemoteWebDriver.java:552)
	at org.openqa.selenium.remote.RemoteWebDriver.startSession(RemoteWebDriver.java:213)
	at org.openqa.selenium.remote.RemoteWebDriver.&lt;init&gt;(RemoteWebDriver.java:131)
	at org.openqa.selenium.chrome.ChromeDriver.&lt;init&gt;(ChromeDriver.java:181)
	at org.openqa.selenium.chrome.ChromeDriver.&lt;init&gt;(ChromeDriver.java:168)
	at org.openqa.selenium.chrome.ChromeDriver.&lt;init&gt;(ChromeDriver.java:123)
	at Utils.Driver.getDriver(Driver.java:24)
	at Tests.TestBase.setUp(TestBase.java:16)
	at java.base/java.util.ArrayList.forEach(ArrayList.java:1507)
	at java.base/java.util.concurrent.FutureTask.run(FutureTask.java:264)
	at java.base/java.util.concurrent.ThreadPoolExecutor.runWorker(ThreadPoolExecutor.java:1128)
	at java.base/java.util.concurrent.ThreadPoolExecutor$Worker.run(ThreadPoolExecutor.java:628)
	at java.base/java.lang.Thread.run(Thread.java:830)
... Removed 21 stack frames</div>
</td></tr>
</table>
<p class="totop"><a href="#summary">back to summary</a></p>
<h2 id="m2">Tests.com.Sentrifugo.LogInTest:pageSetUp</h2>
<p class="totop"><a href="#summary">back to summary</a></p>
<h2 id="m3">Tests.com.Sentrifugo.LogInTest:test1</h2>
<div>
<div class="stacktrace">org.openqa.selenium.SessionNotCreatedException: session not created: This version of ChromeDriver only supports Chrome version 81
Build info: version: &apos;3.141.59&apos;, revision: &apos;e82be7d358&apos;, time: &apos;2018-11-14T08:17:03&apos;
System info: host: &apos;DESKTOP-DMM2MC9&apos;, ip: &apos;192.168.0.5&apos;, os.name: &apos;Windows 10&apos;, os.arch: &apos;amd64&apos;, os.version: &apos;10.0&apos;, java.version: &apos;13.0.2&apos;
Driver info: driver.version: Driver
remote stacktrace: Backtrace:
	Ordinal0 [0x00995E93+2449043]
	Ordinal0 [0x008C8281+1606273]
	Ordinal0 [0x007BF889+522377]
	Ordinal0 [0x007505F3+67059]
	Ordinal0 [0x0074CD92+52626]
	Ordinal0 [0x0076C127+180519]
	Ordinal0 [0x0076BF2D+180013]
	Ordinal0 [0x00769E5B+171611]
	Ordinal0 [0x00751DD8+73176]
	Ordinal0 [0x00752E50+77392]
	Ordinal0 [0x00752DE9+77289]
	Ordinal0 [0x008DD7F7+1693687]
	GetHandleVerifier [0x00A34576+522742]
	GetHandleVerifier [0x00A342B4+522036]
	GetHandleVerifier [0x00A49587+608775]
	GetHandleVerifier [0x00A34DE6+524902]
	Ordinal0 [0x008D5BDC+1661916]
	Ordinal0 [0x008DF15B+1700187]
	Ordinal0 [0x008DF2C3+1700547]
	Ordinal0 [0x008F5135+1790261]
	BaseThreadInitThunk [0x772B6359+25]
	RtlGetAppContainerNamedObjectPath [0x773F7C24+228]
	RtlGetAppContainerNamedObjectPath [0x773F7BF4+180]

	at org.openqa.selenium.remote.W3CHandshakeResponse.lambda$errorHandler$0(W3CHandshakeResponse.java:62)
	at org.openqa.selenium.remote.HandshakeResponse.lambda$getResponseFunction$0(HandshakeResponse.java:30)
	at org.openqa.selenium.remote.ProtocolHandshake.lambda$createSession$0(ProtocolHandshake.java:126)
	at java.base/java.util.stream.ReferencePipeline$3$1.accept(ReferencePipeline.java:195)
	at java.base/java.util.Spliterators$ArraySpliterator.tryAdvance(Spliterators.java:958)
	at java.base/java.util.stream.ReferencePipeline.forEachWithCancel(ReferencePipeline.java:127)
	at java.base/java.util.stream.AbstractPipeline.copyIntoWithCancel(AbstractPipeline.java:502)
	at java.base/java.util.stream.AbstractPipeline.copyInto(AbstractPipeline.java:488)
	at java.base/java.util.stream.AbstractPipeline.wrapAndCopyInto(AbstractPipeline.java:474)
	at java.base/java.util.stream.FindOps$FindOp.evaluateSequential(FindOps.java:150)
	at java.base/java.util.stream.AbstractPipeline.evaluate(AbstractPipeline.java:234)
	at java.base/java.util.stream.ReferencePipeline.findFirst(ReferencePipeline.java:543)
	at org.openqa.selenium.remote.ProtocolHandshake.createSession(ProtocolHandshake.java:128)
	at org.openqa.selenium.remote.ProtocolHandshake.createSession(ProtocolHandshake.java:74)
	at org.openqa.selenium.remote.HttpCommandExecutor.execute(HttpCommandExecutor.java:136)
	at org.openqa.selenium.remote.service.DriverCommandExecutor.execute(DriverCommandExecutor.java:83)
	at org.openqa.selenium.remote.RemoteWebDriver.execute(RemoteWebDriver.java:552)
	at org.openqa.selenium.remote.RemoteWebDriver.startSession(RemoteWebDriver.java:213)
	at org.openqa.selenium.remote.RemoteWebDriver.&lt;init&gt;(RemoteWebDriver.java:131)
	at org.openqa.selenium.chrome.ChromeDriver.&lt;init&gt;(ChromeDriver.java:181)
	at org.openqa.selenium.chrome.ChromeDriver.&lt;init&gt;(ChromeDriver.java:168)
	at org.openqa.selenium.chrome.ChromeDriver.&lt;init&gt;(ChromeDriver.java:123)
	at Utils.Driver.getDriver(Driver.java:24)
	at Tests.TestBase.setUp(TestBase.java:16)
	at java.base/java.util.ArrayList.forEach(ArrayList.java:1507)
	at java.base/java.util.concurrent.FutureTask.run(FutureTask.java:264)
	at java.base/java.util.concurrent.ThreadPoolExecutor.runWorker(ThreadPoolExecutor.java:1128)
	at java.base/java.util.concurrent.ThreadPoolExecutor$Worker.run(ThreadPoolExecutor.java:628)
	at java.base/java.lang.Thread.run(Thread.java:830)
... Removed 21 stack frames</div>
</div>
<p class="totop"><a href="#summary">back to summary</a></p>
<h1>TestNG Runner2</h1>
<h2 id="m4">Tests.com.Sentrifugo.LogInTest:test1</h2>
<table cellspacing="0" cellpadding="0" class="result">
<tr class="param"><th>Parameter #1</th><th>Parameter #2</th></tr>
<tr class="param stripe"><td>EM01</td>
<td>sentrifugo</td>
</tr>
</table>
<p class="totop"><a href="#summary">back to summary</a></p>
</body></html>
